<?xml version="1.0" encoding="UTF-8"?>
<!-- Generated by org.testng.reporters.JUnitReportReporter -->
<testsuite skipped="0" hostname="EPBYMINW2444" name="by.epam.atmentoring.unittest.CalculatorTestIsPositive" tests="5" failures="0" timestamp="11 Jun 2017 09:24:13 GMT" time="0.029" errors="0">
  <testcase name="testIsPositive" time="0.007" classname="by.epam.atmentoring.unittest.CalculatorTestIsPositive"/>
  <testcase name="testIsPositive" time="0.000" classname="by.epam.atmentoring.unittest.CalculatorTestIsPositive"/>
  <testcase name="testIsPositive" time="0.000" classname="by.epam.atmentoring.unittest.CalculatorTestIsPositive"/>
  <testcase name="testIsPositive" time="0.021" classname="by.epam.atmentoring.unittest.CalculatorTestIsPositive"/>
  <testcase name="testIsPositive" time="0.001" classname="by.epam.atmentoring.unittest.CalculatorTestIsPositive"/>
</testsuite> <!-- by.epam.atmentoring.unittest.CalculatorTestIsPositive -->
