<?xml version="1.0" encoding="UTF-8"?>
<!-- Generated by org.testng.reporters.JUnitReportReporter -->
<testsuite skipped="0" hostname="EPBYMINW2444" name="by.epam.atmentoring.unittest.CalculatorTestIsNegative" tests="5" failures="0" timestamp="11 Jun 2017 09:24:13 GMT" time="0.029" errors="0">
  <testcase name="testIsNegative" time="0.000" classname="by.epam.atmentoring.unittest.CalculatorTestIsNegative"/>
  <testcase name="testIsNegative" time="0.000" classname="by.epam.atmentoring.unittest.CalculatorTestIsNegative"/>
  <testcase name="testIsNegative" time="0.000" classname="by.epam.atmentoring.unittest.CalculatorTestIsNegative"/>
  <testcase name="testIsNegative" time="0.029" classname="by.epam.atmentoring.unittest.CalculatorTestIsNegative"/>
  <testcase name="testIsNegative" time="0.000" classname="by.epam.atmentoring.unittest.CalculatorTestIsNegative"/>
</testsuite> <!-- by.epam.atmentoring.unittest.CalculatorTestIsNegative -->
