<?xml version="1.0" encoding="UTF-8"?>
<!-- Generated by org.testng.reporters.JUnitReportReporter -->
<testsuite skipped="0" hostname="EPBYMINW2444" name="by.epam.atmentoring.unittest.CalculatorTestPow" tests="7" failures="0" timestamp="11 Jun 2017 09:24:13 GMT" time="0.015" errors="0">
  <testcase name="testPow" time="0.010" classname="by.epam.atmentoring.unittest.CalculatorTestPow"/>
  <testcase name="testPow" time="0.000" classname="by.epam.atmentoring.unittest.CalculatorTestPow"/>
  <testcase name="testPow" time="0.003" classname="by.epam.atmentoring.unittest.CalculatorTestPow"/>
  <testcase name="testPow" time="0.001" classname="by.epam.atmentoring.unittest.CalculatorTestPow"/>
  <testcase name="testPow" time="0.000" classname="by.epam.atmentoring.unittest.CalculatorTestPow"/>
  <testcase name="testPow" time="0.001" classname="by.epam.atmentoring.unittest.CalculatorTestPow"/>
  <testcase name="testPow" time="0.000" classname="by.epam.atmentoring.unittest.CalculatorTestPow"/>
</testsuite> <!-- by.epam.atmentoring.unittest.CalculatorTestPow -->
