<?xml version="1.0" encoding="UTF-8"?>
<!-- Generated by org.testng.reporters.JUnitReportReporter -->
<testsuite skipped="0" hostname="EPBYMINW2444" name="by.epam.atmentoring.unittest.CalculatorTestSum" tests="14" failures="0" timestamp="11 Jun 2017 09:24:13 GMT" time="0.043" errors="0">
  <testcase name="testSum" time="0.000" classname="by.epam.atmentoring.unittest.CalculatorTestSum"/>
  <testcase name="testSum" time="0.001" classname="by.epam.atmentoring.unittest.CalculatorTestSum"/>
  <testcase name="testSum" time="0.021" classname="by.epam.atmentoring.unittest.CalculatorTestSum"/>
  <testcase name="testSum" time="0.000" classname="by.epam.atmentoring.unittest.CalculatorTestSum"/>
  <testcase name="testSum" time="0.003" classname="by.epam.atmentoring.unittest.CalculatorTestSum"/>
  <testcase name="testSum" time="0.001" classname="by.epam.atmentoring.unittest.CalculatorTestSum"/>
  <testcase name="testSum" time="0.001" classname="by.epam.atmentoring.unittest.CalculatorTestSum"/>
  <testcase name="testSum" time="0.007" classname="by.epam.atmentoring.unittest.CalculatorTestSum"/>
  <testcase name="testSum" time="0.003" classname="by.epam.atmentoring.unittest.CalculatorTestSum"/>
  <testcase name="testSum" time="0.003" classname="by.epam.atmentoring.unittest.CalculatorTestSum"/>
  <testcase name="testSum" time="0.001" classname="by.epam.atmentoring.unittest.CalculatorTestSum"/>
  <testcase name="testSum" time="0.001" classname="by.epam.atmentoring.unittest.CalculatorTestSum"/>
  <testcase name="testSum" time="0.001" classname="by.epam.atmentoring.unittest.CalculatorTestSum"/>
  <testcase name="testSum" time="0.000" classname="by.epam.atmentoring.unittest.CalculatorTestSum"/>
</testsuite> <!-- by.epam.atmentoring.unittest.CalculatorTestSum -->
