<?xml version="1.0" encoding="UTF-8"?>
<!-- Generated by org.testng.reporters.JUnitReportReporter -->
<testsuite skipped="0" hostname="EPBYMINW2444" name="by.epam.atmentoring.unittest.CalculatorTestSin" tests="7" failures="0" timestamp="11 Jun 2017 09:24:13 GMT" time="0.001" errors="0">
  <testcase name="testSin" time="0.000" classname="by.epam.atmentoring.unittest.CalculatorTestSin"/>
  <testcase name="testSin" time="0.000" classname="by.epam.atmentoring.unittest.CalculatorTestSin"/>
  <testcase name="testSin" time="0.000" classname="by.epam.atmentoring.unittest.CalculatorTestSin"/>
  <testcase name="testSin" time="0.000" classname="by.epam.atmentoring.unittest.CalculatorTestSin"/>
  <testcase name="testSin" time="0.000" classname="by.epam.atmentoring.unittest.CalculatorTestSin"/>
  <testcase name="testSin" time="0.000" classname="by.epam.atmentoring.unittest.CalculatorTestSin"/>
  <testcase name="testSin" time="0.001" classname="by.epam.atmentoring.unittest.CalculatorTestSin"/>
</testsuite> <!-- by.epam.atmentoring.unittest.CalculatorTestSin -->
